  [1m[35m (301.4ms)[0m  [1m[35mCREATE DATABASE "Routes_Controller_development" ENCODING = 'unicode'[0m
  [1m[35m (107.7ms)[0m  [1m[35mCREATE DATABASE "Routes_Controller_test" ENCODING = 'unicode'[0m
Started GET "/" for ::1 at 2022-11-09 15:36:03 -0800
Processing by Rails::WelcomeController#index as HTML
  Rendering /Users/bikramjitsingh/.rbenv/versions/3.1.1/lib/ruby/gems/3.1.0/gems/railties-7.0.4/lib/rails/templates/rails/welcome/index.html.erb
  Rendered /Users/bikramjitsingh/.rbenv/versions/3.1.1/lib/ruby/gems/3.1.0/gems/railties-7.0.4/lib/rails/templates/rails/welcome/index.html.erb (Duration: 1.0ms | Allocations: 527)
Completed 200 OK in 5ms (Views: 2.7ms | ActiveRecord: 0.0ms | Allocations: 2801)


Started GET "/users" for ::1 at 2022-11-09 16:17:13 -0800

ActiveRecord::NoDatabaseError - We could not find your database: Routes_Controller_development. Which can be found in the database configuration file located at config/database.yml.
To resolve this issue:
- Did you create the database for this app, or delete it? You may need to create your database.
- Has the database name changed? Check your database.yml config has the correct database name.
To create your database, run:
        bin/rails db:create:

Started POST "/__better_errors/ea67827119d7f701/variables" for ::1 at 2022-11-09 16:17:14 -0800
  [1m[35m (494.2ms)[0m  [1m[35mCREATE DATABASE "Routes_Controller_development" ENCODING = 'unicode'[0m
  [1m[35m (376.8ms)[0m  [1m[35mCREATE DATABASE "Routes_Controller_test" ENCODING = 'unicode'[0m
Started GET "/users" for ::1 at 2022-11-09 16:19:22 -0800

AbstractController::ActionNotFound - The action 'index' could not be found for UsersController:

Started GET "/" for 127.0.0.1 at 2022-11-09 16:19:36 -0800
Processing by Rails::WelcomeController#index as */*
  Rendering /Users/salehalkaheli/.rbenv/versions/3.1.1/lib/ruby/gems/3.1.0/gems/railties-7.0.4/lib/rails/templates/rails/welcome/index.html.erb
  Rendered /Users/salehalkaheli/.rbenv/versions/3.1.1/lib/ruby/gems/3.1.0/gems/railties-7.0.4/lib/rails/templates/rails/welcome/index.html.erb (Duration: 2.0ms | Allocations: 522)
Completed 200 OK in 10ms (Views: 6.0ms | ActiveRecord: 0.0ms | Allocations: 2523)


Started GET "/users" for 127.0.0.1 at 2022-11-09 16:19:44 -0800

AbstractController::ActionNotFound - The action 'index' could not be found for UsersController:

Started GET "/users" for 127.0.0.1 at 2022-11-09 16:21:57 -0800
Processing by UsersController#index as */*
Completed 500 Internal Server Error in 4ms (ActiveRecord: 0.0ms | Allocations: 2385)



NameError - uninitialized constant UsersController::User
        users = User.all
                ^^^^:
  app/controllers/users_controller.rb:5:in `index'

Started GET "/users" for 127.0.0.1 at 2022-11-09 16:25:50 -0800
Processing by UsersController#index as */*
No template found for UsersController#index, rendering head :no_content
Completed 204 No Content in 1ms (ActiveRecord: 0.0ms | Allocations: 227)


Started GET "/users" for 127.0.0.1 at 2022-11-09 16:28:12 -0800
Processing by UsersController#index as */*
  Rendering text template
  Rendered text template (Duration: 0.0ms | Allocations: 9)
Completed 200 OK in 6ms (Views: 5.1ms | ActiveRecord: 0.0ms | Allocations: 579)


Started GET "/users?fav_food=pizza" for 127.0.0.1 at 2022-11-09 16:31:26 -0800
Processing by UsersController#index as */*
  Parameters: {"fav_food"=>"pizza"}
  Rendering text template
  Rendered text template (Duration: 0.0ms | Allocations: 5)
Completed 200 OK in 1ms (Views: 0.9ms | ActiveRecord: 0.0ms | Allocations: 173)


Started GET "/users?fav_food=pizza" for 127.0.0.1 at 2022-11-09 16:32:28 -0800
Processing by UsersController#index as */*
  Parameters: {"fav_food"=>"pizza"}
  Rendering text template
  Rendered text template (Duration: 0.1ms | Allocations: 8)
Completed 500 Internal Server Error in 3ms (Views: 1.2ms | ActiveRecord: 0.0ms | Allocations: 1056)



AbstractController::DoubleRenderError - Render and/or redirect were called multiple times in this action. Please note that you may only call render OR redirect, and at most once per action. Also note that neither redirect nor render terminate execution of the action, so if you want to exit an action after redirecting, you need to do something like "redirect_to(...) and return".:
  app/controllers/users_controller.rb:8:in `index'

Started GET "/users?fav_food=pizza" for 127.0.0.1 at 2022-11-09 16:33:22 -0800
Processing by UsersController#index as */*
  Parameters: {"fav_food"=>"pizza"}
  Rendering text template
  Rendered text template (Duration: 0.0ms | Allocations: 8)
Completed 500 Internal Server Error in 1ms (Views: 0.7ms | ActiveRecord: 0.0ms | Allocations: 1020)



AbstractController::DoubleRenderError - Render and/or redirect were called multiple times in this action. Please note that you may only call render OR redirect, and at most once per action. Also note that neither redirect nor render terminate execution of the action, so if you want to exit an action after redirecting, you need to do something like "redirect_to(...) and return".:
  app/controllers/users_controller.rb:8:in `index'

Started GET "/users?fav_food=pizza" for 127.0.0.1 at 2022-11-09 16:34:13 -0800
Processing by UsersController#index as */*
  Parameters: {"fav_food"=>"pizza"}
Completed 500 Internal Server Error in 6ms (ActiveRecord: 0.0ms | Allocations: 1916)



ActionView::MissingTemplate - Missing template users/index, application/index with {:locale=>[:en], :formats=>[:html, :text, :js, :css, :ics, :csv, :vcf, :vtt, :png, :jpeg, :gif, :bmp, :tiff, :svg, :mpeg, :mp3, :ogg, :m4a, :webm, :mp4, :otf, :ttf, :woff, :woff2, :xml, :rss, :atom, :yaml, :multipart_form, :url_encoded_form, :json, :pdf, :zip, :gzip], :variants=>[], :handlers=>[:raw, :erb, :html, :builder, :ruby]}.
Searched in:
  * "/Users/salehalkaheli/Documents/App_Academy_Projects/w6d3/Routes_Controller/app/views"
Did you mean?  layouts/application:
  app/controllers/users_controller.rb:7:in `index'

Started GET "/users?fav_food=pizza" for 127.0.0.1 at 2022-11-09 16:34:28 -0800
Processing by UsersController#index as */*
  Parameters: {"fav_food"=>"pizza"}
Completed 500 Internal Server Error in 1ms (ActiveRecord: 0.0ms | Allocations: 1161)



ActionView::MissingTemplate - Missing template users/index, application/index with {:locale=>[:en], :formats=>[:html, :text, :js, :css, :ics, :csv, :vcf, :vtt, :png, :jpeg, :gif, :bmp, :tiff, :svg, :mpeg, :mp3, :ogg, :m4a, :webm, :mp4, :otf, :ttf, :woff, :woff2, :xml, :rss, :atom, :yaml, :multipart_form, :url_encoded_form, :json, :pdf, :zip, :gzip], :variants=>[], :handlers=>[:raw, :erb, :html, :builder, :ruby]}.
Searched in:
  * "/Users/salehalkaheli/Documents/App_Academy_Projects/w6d3/Routes_Controller/app/views"
Did you mean?  layouts/application:
  app/controllers/users_controller.rb:7:in `index'

Started GET "/users?fav_food=pizza" for 127.0.0.1 at 2022-11-09 16:35:00 -0800
Processing by UsersController#index as */*
  Parameters: {"fav_food"=>"pizza"}
Completed 500 Internal Server Error in 4ms (ActiveRecord: 0.0ms | Allocations: 2838)



NoMethodError - undefined method `json' for #<UsersController:0x0000000000a488>
        render json params
               ^^^^
Did you mean?  JSON:
  app/controllers/users_controller.rb:7:in `index'

Started GET "/users?fav_food=pizza" for 127.0.0.1 at 2022-11-09 16:35:17 -0800
Processing by UsersController#index as */*
  Parameters: {"fav_food"=>"pizza"}
Completed 200 OK in 1ms (Views: 1.2ms | ActiveRecord: 0.0ms | Allocations: 248)


Started POST "/users?fav_food=pizza&fav_drink=milk" for 127.0.0.1 at 2022-11-09 16:37:52 -0800

AbstractController::ActionNotFound - The action 'create' could not be found for UsersController:

Started POST "/users?fav_food=pizza&fav_drink=milk" for 127.0.0.1 at 2022-11-09 16:38:54 -0800
Processing by UsersController#create as */*
  Parameters: {"fav_food"=>"pizza", "fav_drink"=>"milk"}
Completed 200 OK in 0ms (Views: 0.2ms | ActiveRecord: 0.0ms | Allocations: 220)


Started GET "/users/1" for 127.0.0.1 at 2022-11-09 16:40:37 -0800

AbstractController::ActionNotFound - The action 'show' could not be found for UsersController:

Started GET "/users/1" for 127.0.0.1 at 2022-11-09 16:41:20 -0800

SyntaxError - syntax error, unexpected end-of-input:
  app/controllers/users_controller.rb:18:in `'

Started GET "/users/1" for 127.0.0.1 at 2022-11-09 16:43:01 -0800
Processing by UsersController#show as */*
  Parameters: {"id"=>"1"}
No template found for UsersController#show, rendering head :no_content
Completed 204 No Content in 2ms (ActiveRecord: 0.0ms | Allocations: 664)


Started GET "/users/1" for 127.0.0.1 at 2022-11-09 16:43:32 -0800
Processing by UsersController#show as */*
  Parameters: {"id"=>"1"}
Completed 200 OK in 1ms (Views: 0.6ms | ActiveRecord: 0.0ms | Allocations: 308)


Started GET "/users" for 127.0.0.1 at 2022-11-09 16:47:34 -0800
Processing by UsersController#index as */*
  Rendering text template
  Rendered text template (Duration: 0.1ms | Allocations: 13)
Completed 200 OK in 6ms (Views: 6.2ms | ActiveRecord: 0.0ms | Allocations: 1215)


Started GET "/users?some_category[a_key]=[FILTERED]&some_category[a_second_key]=[FILTERED]&some_category[inner_inner_hash][key]=value&something_else=aaahhhhh" for 127.0.0.1 at 2022-11-09 16:51:57 -0800
Processing by UsersController#index as */*
  Parameters: {"some_category"=>{"a_key"=>"[FILTERED]", "a_second_key"=>"[FILTERED]", "inner_inner_hash"=>{"key"=>"value"}}, "something_else"=>"aaahhhhh"}
  Rendering text template
  Rendered text template (Duration: 0.0ms | Allocations: 5)
Completed 200 OK in 0ms (Views: 0.3ms | Allocations: 169)


Started GET "/users?some_category[a_key]=[FILTERED]&some_category[a_second_key]=[FILTERED]&some_category[inner_inner_hash][key]=value&something_else=aaahhhhh" for 127.0.0.1 at 2022-11-09 16:52:29 -0800
Processing by UsersController#index as */*
  Parameters: {"some_category"=>{"a_key"=>"[FILTERED]", "a_second_key"=>"[FILTERED]", "inner_inner_hash"=>{"key"=>"value"}}, "something_else"=>"aaahhhhh"}
Completed 200 OK in 1ms (Views: 0.7ms | Allocations: 244)


Started POST "/users?some_category[a_key]=[FILTERED]&some_category[a_second_key]=[FILTERED]&some_category[inner_inner_hash][key]=value&something_else=aaahhhhh" for 127.0.0.1 at 2022-11-09 16:53:19 -0800
Processing by UsersController#create as */*
  Parameters: {"some_category"=>{"a_key"=>"[FILTERED]", "a_second_key"=>"[FILTERED]", "inner_inner_hash"=>{"key"=>"value"}}, "something_else"=>"aaahhhhh"}
Completed 200 OK in 0ms (Views: 0.2ms | Allocations: 198)


